2023-01-04 09:16:43.1148| VacancyClicker.Tests`1.Setup| DEBUG| TestDashboard Lowding in - OpenQA.Selenium.Chrome.ChromeDriver| 
2023-01-04 09:17:27.6350| VacancyClicker.SetupMethods.GoToLocalUrl| INFO| Opened url =>https://rabota.by/search/vacancy?resume=01be9d68ff07e8c2ef0039ed1f663764787741&from=indexPage&hhtmFrom=main| 
2023-01-04 09:17:27.6350| VacancyClicker.Tests`1.Setup| DEBUG| Exiting Setup in TestDashboard| 
2023-01-04 09:17:27.6374| VacancyClicker.SetupMethods.<ActionLogging>b__5_0| TRACE| By.PartialLinkText: Откликнуться| 
2023-01-04 09:17:57.7029| VacancyClicker.SetupMethods.<ActionLogging>b__5_4| ERROR| OpenQA.Selenium.NoSuchElementException: no such element: Unable to locate element: {"method":"partial link text","selector":"Откликнуться"}
  (Session info: chrome=108.0.5359.125)
   at OpenQA.Selenium.WebDriver.UnpackAndThrowOnError(Response errorResponse, String commandToExecute)
   at OpenQA.Selenium.WebDriver.Execute(String driverCommandToExecute, Dictionary`2 parameters)
   at OpenQA.Selenium.WebDriver.FindElement(String mechanism, String value)
   at OpenQA.Selenium.By.<.ctor>b__11_0(ISearchContext context)
   at OpenQA.Selenium.By.FindElement(ISearchContext context)
   at OpenQA.Selenium.WebDriver.FindElement(By by)
   at OpenQA.Selenium.Support.Events.EventFiringWebDriver.FindElement(By by)| no such element: Unable to locate element: {"method":"partial link text","selector":"Откликнуться"}
  (Session info: chrome=108.0.5359.125)
===========================END===========================

2023-01-04 13:55:57.8070| VacancyClicker.Tests`1.Setup| DEBUG| TestDashboard Lowding in - OpenQA.Selenium.Chrome.ChromeDriver| 
2023-01-04 13:56:05.8348| VacancyClicker.SetupMethods.GoToLocalUrl| INFO| Opened url =>https://rabota.by/search/vacancy?resume=01be9d68ff07e8c2ef0039ed1f663764787741&from=indexPage&hhtmFrom=main| 
2023-01-04 13:56:05.8348| VacancyClicker.Tests`1.Setup| DEBUG| Exiting Setup in TestDashboard| 
2023-01-04 13:56:05.8348| VacancyClicker.SetupMethods.<ActionLogging>b__5_0| TRACE| By.PartialLinkText: Откликнуться| 
2023-01-04 13:56:20.4088| VacancyClicker.Tests`1.Setup| DEBUG| TestDashboard Lowding in - OpenQA.Selenium.Chrome.ChromeDriver| 
2023-01-04 13:56:25.2467| VacancyClicker.SetupMethods.GoToLocalUrl| INFO| Opened url =>https://rabota.by/search/vacancy?resume=01be9d68ff07e8c2ef0039ed1f663764787741&from=indexPage&hhtmFrom=main| 
2023-01-04 13:56:25.2467| VacancyClicker.Tests`1.Setup| DEBUG| Exiting Setup in TestDashboard| 
===========================END===========================

2023-01-04 13:59:58.1266| VacancyClicker.Tests`1.Test2| INFO| dfghjkl| 
2023-01-04 14:00:10.5212| VacancyClicker.Tests`1.Test2| INFO| System.Linq.Enumerable+ReverseIterator`1[System.Char]| 
===========================END===========================

2023-01-04 14:05:00.5167| VacancyClicker.Tests`1.Test2| INFO| dfghjkl| 
2023-01-04 14:05:01.3524| VacancyClicker.Tests`1.Test2| INFO| System.Char[]| 
===========================END===========================

2023-01-04 14:05:34.6103| VacancyClicker.Tests`1.Test2| INFO| dfghjkl| 
2023-01-04 14:05:34.6147| VacancyClicker.Tests`1.Test2| INFO| System.Linq.Enumerable+ReverseIterator`1[System.Char]| 
===========================END===========================

2023-01-04 14:08:20.4030| VacancyClicker.Tests`1.Test2| INFO| dfghjkl| 
2023-01-04 14:08:20.4030| VacancyClicker.Tests`1.Test2| INFO| System.Linq.Enumerable+ReverseIterator`1[System.Char]| 
===========================END===========================

2023-01-04 14:09:24.6817| VacancyClicker.Tests`1.Test2| INFO| dfghjkl| 
2023-01-04 14:09:24.6817| VacancyClicker.Tests`1.Test2| INFO| lkjhgfd| 
===========================END===========================

2023-01-04 14:11:19.0174| VacancyClicker.Tests`1.Test2| INFO| dfghjkl| 
2023-01-04 14:11:19.0219| VacancyClicker.Tests`1.Test2| INFO| System.Linq.Enumerable+ReverseIterator`1[System.Char]| 
===========================END===========================

2023-01-04 14:15:51.1413| VacancyClicker.Tests`1.Test2| INFO| dfghjkl| 
2023-01-04 14:15:51.1413| VacancyClicker.Tests`1.Test2| INFO| System.Linq.Enumerable+ReverseIterator`1[System.Char]| 
===========================END===========================

2023-01-04 14:20:13.3853| VacancyClicker.Tests`1.Test2| INFO| dfghjkl| 
2023-01-04 14:20:13.3853| VacancyClicker.Tests`1.Test2| INFO| System.Char[]| 
===========================END===========================

2023-01-04 14:20:50.1861| VacancyClicker.Tests`1.Test2| INFO| dfghjkl| 
2023-01-04 14:20:50.1861| VacancyClicker.Tests`1.Test2| INFO| System.Char[]| 
===========================END===========================

2023-01-04 14:30:32.2051| VacancyClicker.Tests`1.Test2| INFO| dfghjkl| 
2023-01-04 14:30:32.2096| VacancyClicker.Tests`1.Test2| INFO| System.Char[]| 
===========================END===========================

2023-01-04 14:30:51.0380| VacancyClicker.Tests`1.Test2| INFO| dfghjkl| 
2023-01-04 14:30:51.0380| VacancyClicker.Tests`1.Test2| INFO| 7| 
===========================END===========================

2023-01-04 14:31:12.0319| VacancyClicker.Tests`1.Test2| INFO| dfghjkl| 
2023-01-04 14:31:12.0365| VacancyClicker.Tests`1.Test2| INFO| 7| 
===========================END===========================

2023-01-04 14:31:22.2630| VacancyClicker.Tests`1.Test2| INFO| dfghjkl| 
2023-01-04 14:31:22.2630| VacancyClicker.Tests`1.Test2| INFO| System.Char[]| 
===========================END===========================

2023-01-04 14:33:15.0216| VacancyClicker.Tests`1.Test2| INFO| dfghjkl| 
2023-01-04 14:38:20.3544| VacancyClicker.Tests`1.Test2| INFO| System.Char[]| 
===========================END===========================

2023-01-04 14:42:13.9582| VacancyClicker.Tests`1.Test2| INFO| dfghjkl| 
2023-01-04 14:42:13.9582| VacancyClicker.Tests`1.Test2| INFO| System.Char[]| 
===========================END===========================

2023-01-04 14:42:45.5433| VacancyClicker.Tests`1.Test2| INFO| dfghjkl| 
2023-01-04 14:43:15.1914| VacancyClicker.Tests`1.Test2| INFO| System.Char[]| 
===========================END===========================

2023-01-04 14:44:41.8502| VacancyClicker.Tests`1.Test2| INFO| dfghjkl| 
2023-01-04 14:44:41.8502| VacancyClicker.Tests`1.Test2| INFO| lkjhgfd| 
===========================END===========================

2023-01-04 14:47:10.7031| VacancyClicker.Tests`1.Test2| INFO| dfghjkl| 
2023-01-04 14:47:10.7075| VacancyClicker.Tests`1.Test2| INFO| lkjhgfd| 
===========================END===========================

2023-01-04 14:47:34.4374| VacancyClicker.Tests`1.Test2| INFO| Here’s an example of how our code will look:| 
2023-01-04 14:47:34.4420| VacancyClicker.Tests`1.Test2| INFO| :kool lliw edoc ruo woh fo elpmaxe na s’ereH| 
===========================END===========================

2023-01-04 14:49:03.7458| VacancyClicker.Tests`1.Test2| INFO| Here’s an example of how our code will look:| 
2023-01-04 14:49:03.7458| VacancyClicker.Tests`1.Test2| INFO| :kool lliw edoc ruo woh fo elpmaxe na s’ereH| 
2023-01-04 14:49:03.7458| VacancyClicker.Tests`1.Test2| INFO| 44| 
===========================END===========================

2023-01-04 14:50:33.1570| VacancyClicker.Tests`1.Test2| INFO| :kool lliw edoc ruo woh fo elpmaxe na s’ereH| 
===========================END===========================

2023-01-04 16:23:22.6815| VacancyClicker.Tests`1.Setup| DEBUG| TestDashboard Lowding in - OpenQA.Selenium.Chrome.ChromeDriver| 
2023-01-04 16:23:26.4183| VacancyClicker.SetupMethods.GoToLocalUrl| INFO| Opened url =>https://hh.ru/applicant/resumeview/history?resumeHash=01be9d68ff07e8c2ef0039ed1f663764787741&hhtmFrom=resume_list| 
2023-01-04 16:23:26.4183| VacancyClicker.Tests`1.Setup| DEBUG| Exiting Setup in TestDashboard| 
2023-01-04 16:23:26.4183| VacancyClicker.SetupMethods.<ActionLogging>b__5_0| TRACE| By.PartialLinkText: Откликнуться| 
2023-01-04 16:23:56.4923| VacancyClicker.SetupMethods.<ActionLogging>b__5_4| ERROR| OpenQA.Selenium.NoSuchElementException: no such element: Unable to locate element: {"method":"partial link text","selector":"Откликнуться"}
  (Session info: chrome=108.0.5359.125)
   at OpenQA.Selenium.WebDriver.UnpackAndThrowOnError(Response errorResponse, String commandToExecute)
   at OpenQA.Selenium.WebDriver.Execute(String driverCommandToExecute, Dictionary`2 parameters)
   at OpenQA.Selenium.WebDriver.FindElement(String mechanism, String value)
   at OpenQA.Selenium.By.<.ctor>b__11_0(ISearchContext context)
   at OpenQA.Selenium.By.FindElement(ISearchContext context)
   at OpenQA.Selenium.WebDriver.FindElement(By by)
   at OpenQA.Selenium.Support.Events.EventFiringWebDriver.FindElement(By by)| no such element: Unable to locate element: {"method":"partial link text","selector":"Откликнуться"}
  (Session info: chrome=108.0.5359.125)
===========================END===========================

2023-01-04 16:24:19.0849| VacancyClicker.Tests`1.Setup| DEBUG| TestDashboard Lowding in - OpenQA.Selenium.Chrome.ChromeDriver| 
2023-01-04 16:24:59.9345| VacancyClicker.SetupMethods.GoToLocalUrl| INFO| Opened url =>https://hh.ru/applicant/resumeview/history?resumeHash=01be9d68ff07e8c2ef0039ed1f663764787741&hhtmFrom=resume_list| 
2023-01-04 16:24:59.9345| VacancyClicker.Tests`1.Setup| DEBUG| Exiting Setup in TestDashboard| 
2023-01-04 16:25:35.4862| VacancyClicker.SetupMethods.<ActionLogging>b__5_0| TRACE| By.PartialLinkText: Откликнуться| 
2023-01-04 16:25:40.4110| VacancyClicker.SetupMethods.<ActionLogging>b__5_1| TRACE| By.PartialLinkText: Откликнуться_FOUND| 
2023-01-04 16:25:51.1457| VacancyClicker.SetupMethods.<ActionLogging>b__5_0| TRACE| By.PartialLinkText: Откликнуться| 
2023-01-04 16:25:51.1632| VacancyClicker.SetupMethods.<ActionLogging>b__5_1| TRACE| By.PartialLinkText: Откликнуться_FOUND| 
===========================END===========================

2023-01-04 16:26:49.8084| VacancyClicker.Tests`1.Setup| DEBUG| TestDashboard Lowding in - OpenQA.Selenium.Chrome.ChromeDriver| 
2023-01-04 16:27:30.2568| VacancyClicker.SetupMethods.GoToLocalUrl| INFO| Opened url =>https://hh.ru/applicant/resumeview/history?resumeHash=01be9d68ff07e8c2ef0039ed1f663764787741&hhtmFrom=resume_list| 
2023-01-04 16:27:30.2568| VacancyClicker.Tests`1.Setup| DEBUG| Exiting Setup in TestDashboard| 
2023-01-04 16:28:17.1978| VacancyClicker.SetupMethods.<ActionLogging>b__5_0| TRACE| By.PartialLinkText: Откликнуться| 
2023-01-04 16:28:20.7393| VacancyClicker.SetupMethods.<ActionLogging>b__5_1| TRACE| By.PartialLinkText: Откликнуться_FOUND| 
2023-01-04 16:28:25.5207| VacancyClicker.SetupMethods.<ActionLogging>b__5_0| TRACE| By.PartialLinkText: Откликнуться| 
2023-01-04 16:28:25.5378| VacancyClicker.SetupMethods.<ActionLogging>b__5_1| TRACE| By.PartialLinkText: Откликнуться_FOUND| 
2023-01-04 16:28:36.0349| VacancyClicker.SetupMethods.<ActionLogging>b__5_2| TRACE| Element (id = 462a4743-1f48-489e-84d1-e79510ec7d59)_Clicking| 
2023-01-04 16:28:38.8977| VacancyClicker.SetupMethods.<ActionLogging>b__5_4| ERROR| OpenQA.Selenium.StaleElementReferenceException: stale element reference: element is not attached to the page document
  (Session info: chrome=108.0.5359.125)
   at OpenQA.Selenium.WebDriver.UnpackAndThrowOnError(Response errorResponse, String commandToExecute)
   at OpenQA.Selenium.WebDriver.Execute(String driverCommandToExecute, Dictionary`2 parameters)
   at OpenQA.Selenium.WebDriver.InternalExecute(String driverCommandToExecute, Dictionary`2 parameters)
   at OpenQA.Selenium.WebElement.Execute(String commandToExecute, Dictionary`2 parameters)
   at OpenQA.Selenium.WebElement.Click()
   at OpenQA.Selenium.Support.Events.EventFiringWebDriver.EventFiringWebElement.Click()| stale element reference: element is not attached to the page document
  (Session info: chrome=108.0.5359.125)
===========================END===========================

2023-01-04 16:37:42.4925| VacancyClicker.Tests`1.Setup| DEBUG| TestDashboard Lowding in - OpenQA.Selenium.Chrome.ChromeDriver| 
2023-01-04 16:38:23.0489| VacancyClicker.SetupMethods.GoToLocalUrl| INFO| Opened url =>https://hh.ru/applicant/resumeview/history?resumeHash=01be9d68ff07e8c2ef0039ed1f663764787741&hhtmFrom=resume_list| 
2023-01-04 16:38:23.0489| VacancyClicker.Tests`1.Setup| DEBUG| Exiting Setup in TestDashboard| 
2023-01-04 16:38:55.2491| VacancyClicker.SetupMethods.<ActionLogging>b__5_0| TRACE| By.PartialLinkText: Откликнуться| 
2023-01-04 16:38:58.0892| VacancyClicker.SetupMethods.<ActionLogging>b__5_1| TRACE| By.PartialLinkText: Откликнуться_FOUND| 
2023-01-04 16:39:02.2467| VacancyClicker.SetupMethods.<ActionLogging>b__5_0| TRACE| By.PartialLinkText: Откликнуться| 
2023-01-04 16:39:02.2587| VacancyClicker.SetupMethods.<ActionLogging>b__5_1| TRACE| By.PartialLinkText: Откликнуться_FOUND| 
2023-01-04 16:39:21.9028| VacancyClicker.SetupMethods.<ActionLogging>b__5_2| TRACE| Element (id = 3fcf48a2-7415-4fad-b2fc-df45ab3a331d)_Clicking| 
2023-01-04 16:39:21.9178| VacancyClicker.SetupMethods.<ActionLogging>b__5_4| ERROR| OpenQA.Selenium.StaleElementReferenceException: stale element reference: element is not attached to the page document
  (Session info: chrome=108.0.5359.125)
   at OpenQA.Selenium.WebDriver.UnpackAndThrowOnError(Response errorResponse, String commandToExecute)
   at OpenQA.Selenium.WebDriver.Execute(String driverCommandToExecute, Dictionary`2 parameters)
   at OpenQA.Selenium.WebDriver.InternalExecute(String driverCommandToExecute, Dictionary`2 parameters)
   at OpenQA.Selenium.WebElement.Execute(String commandToExecute, Dictionary`2 parameters)
   at OpenQA.Selenium.WebElement.Click()
   at OpenQA.Selenium.Support.Events.EventFiringWebDriver.EventFiringWebElement.Click()| stale element reference: element is not attached to the page document
  (Session info: chrome=108.0.5359.125)
===========================END===========================

2023-01-04 16:45:01.6753| VacancyClicker.Tests`1.Setup| DEBUG| TestDashboard Lowding in - OpenQA.Selenium.Chrome.ChromeDriver| 
2023-01-04 16:45:42.3085| VacancyClicker.SetupMethods.GoToLocalUrl| INFO| Opened url =>https://hh.ru/applicant/resumeview/history?resumeHash=01be9d68ff07e8c2ef0039ed1f663764787741&hhtmFrom=resume_list| 
2023-01-04 16:45:42.3085| VacancyClicker.Tests`1.Setup| DEBUG| Exiting Setup in TestDashboard| 
2023-01-04 16:46:36.3670| VacancyClicker.SetupMethods.<ActionLogging>b__5_0| TRACE| By.PartialLinkText: Откликнуться| 
2023-01-04 16:46:36.4090| VacancyClicker.SetupMethods.<ActionLogging>b__5_1| TRACE| By.PartialLinkText: Откликнуться_FOUND| 
2023-01-04 16:46:39.5754| VacancyClicker.SetupMethods.<ActionLogging>b__5_0| TRACE| By.PartialLinkText: Откликнуться| 
2023-01-04 16:46:39.5864| VacancyClicker.SetupMethods.<ActionLogging>b__5_1| TRACE| By.PartialLinkText: Откликнуться_FOUND| 
2023-01-04 16:46:45.8943| VacancyClicker.SetupMethods.<ActionLogging>b__5_2| TRACE| Element (id = d6a01990-51b1-4e07-9141-46824f6676e6)_Clicking| 
2023-01-04 16:46:53.8472| VacancyClicker.SetupMethods.<ActionLogging>b__5_4| ERROR| OpenQA.Selenium.StaleElementReferenceException: stale element reference: element is not attached to the page document
  (Session info: chrome=108.0.5359.125)
   at OpenQA.Selenium.WebDriver.UnpackAndThrowOnError(Response errorResponse, String commandToExecute)
   at OpenQA.Selenium.WebDriver.Execute(String driverCommandToExecute, Dictionary`2 parameters)
   at OpenQA.Selenium.WebDriver.InternalExecute(String driverCommandToExecute, Dictionary`2 parameters)
   at OpenQA.Selenium.WebElement.Execute(String commandToExecute, Dictionary`2 parameters)
   at OpenQA.Selenium.WebElement.Click()
   at OpenQA.Selenium.Support.Events.EventFiringWebDriver.EventFiringWebElement.Click()| stale element reference: element is not attached to the page document
  (Session info: chrome=108.0.5359.125)
2023-01-04 16:47:11.8133| VacancyClicker.SetupMethods.<ActionLogging>b__5_0| TRACE| By.PartialLinkText: Откликнуться| 
2023-01-04 16:47:11.8468| VacancyClicker.SetupMethods.<ActionLogging>b__5_4| ERROR| System.Threading.ThreadAbortException: System error.
   at System.Diagnostics.Debugger.CustomNotification(ICustomDebuggerNotification data)
   at System.Diagnostics.Debugger.NotifyOfCrossThreadDependencySlow()
   at System.Threading.Tasks.Task.InternalWaitCore(Int32 millisecondsTimeout, CancellationToken cancellationToken)
   at OpenQA.Selenium.Remote.HttpCommandExecutor.Execute(Command commandToExecute)
   at OpenQA.Selenium.Remote.DriverServiceCommandExecutor.Execute(Command commandToExecute)
   at OpenQA.Selenium.WebDriver.Execute(String driverCommandToExecute, Dictionary`2 parameters)
   at OpenQA.Selenium.WebDriver.FindElement(String mechanism, String value)
   at OpenQA.Selenium.By.<.ctor>b__11_0(ISearchContext context)
   at OpenQA.Selenium.By.FindElement(ISearchContext context)
   at OpenQA.Selenium.WebDriver.FindElement(By by)
   at OpenQA.Selenium.Support.Events.EventFiringWebDriver.FindElement(By by)| System error.
2023-01-04 16:47:13.7060| VacancyClicker.SetupMethods.<ActionLogging>b__5_0| TRACE| By.PartialLinkText: Откликнуться| 
2023-01-04 16:47:13.7322| VacancyClicker.SetupMethods.<ActionLogging>b__5_1| TRACE| By.PartialLinkText: Откликнуться_FOUND| 
2023-01-04 16:50:34.7051| VacancyClicker.SetupMethods.<ActionLogging>b__5_0| TRACE| By.PartialLinkText: Откликнуться| 
2023-01-04 16:50:34.8036| VacancyClicker.SetupMethods.<ActionLogging>b__5_1| TRACE| By.PartialLinkText: Откликнуться_FOUND| 
2023-01-04 16:50:35.0773| VacancyClicker.SetupMethods.<ActionLogging>b__5_2| TRACE| Element (id = 7b98c524-7d07-4dea-97ee-2e21829fd797)_Clicking| 
2023-01-04 16:50:35.2117| VacancyClicker.SetupMethods.<ActionLogging>b__5_3| TRACE| Element (id = 7b98c524-7d07-4dea-97ee-2e21829fd797)_Clicked| 
2023-01-04 16:50:35.2117| VacancyClicker.SetupMethods.<ActionLogging>b__5_0| TRACE| By.PartialLinkText: Откликнуться| 
2023-01-04 16:50:35.2465| VacancyClicker.SetupMethods.<ActionLogging>b__5_1| TRACE| By.PartialLinkText: Откликнуться_FOUND| 
2023-01-04 16:50:38.2536| VacancyClicker.SetupMethods.<ActionLogging>b__5_0| TRACE| By.PartialLinkText: Откликнуться| 
2023-01-04 16:50:38.2707| VacancyClicker.SetupMethods.<ActionLogging>b__5_1| TRACE| By.PartialLinkText: Откликнуться_FOUND| 
2023-01-04 16:50:38.5368| VacancyClicker.SetupMethods.<ActionLogging>b__5_2| TRACE| Element (id = 7b98c524-7d07-4dea-97ee-2e21829fd797)_Clicking| 
2023-01-04 16:50:39.6133| VacancyClicker.SetupMethods.<ActionLogging>b__5_4| ERROR| OpenQA.Selenium.ElementClickInterceptedException: element click intercepted: Element <a class="bloko-button bloko-button_kind-primary bloko-button_scale-small" data-qa="vacancy-serp__vacancy_response" href="/applicant/vacancy_response?vacancyId=74379377&amp;hhtmFrom=vacancy_search_list">...</a> is not clickable at point (644, 16). Other element would receive the click: <div class="bloko-modal-container bloko-modal-container_visible" data-qa="bloko-modal">...</div>
  (Session info: chrome=108.0.5359.125)
   at OpenQA.Selenium.WebDriver.UnpackAndThrowOnError(Response errorResponse, String commandToExecute)
   at OpenQA.Selenium.WebDriver.Execute(String driverCommandToExecute, Dictionary`2 parameters)
   at OpenQA.Selenium.WebDriver.InternalExecute(String driverCommandToExecute, Dictionary`2 parameters)
   at OpenQA.Selenium.WebElement.Execute(String commandToExecute, Dictionary`2 parameters)
   at OpenQA.Selenium.WebElement.Click()
   at OpenQA.Selenium.Support.Events.EventFiringWebDriver.EventFiringWebElement.Click()| element click intercepted: Element <a class="bloko-button bloko-button_kind-primary bloko-button_scale-small" data-qa="vacancy-serp__vacancy_response" href="/applicant/vacancy_response?vacancyId=74379377&amp;hhtmFrom=vacancy_search_list">...</a> is not clickable at point (644, 16). Other element would receive the click: <div class="bloko-modal-container bloko-modal-container_visible" data-qa="bloko-modal">...</div>
  (Session info: chrome=108.0.5359.125)
2023-01-04 16:50:45.4716| VacancyClicker.SetupMethods.<ActionLogging>b__5_0| TRACE| By.PartialLinkText: Откликнуться| 
2023-01-04 16:50:45.4844| VacancyClicker.SetupMethods.<ActionLogging>b__5_1| TRACE| By.PartialLinkText: Откликнуться_FOUND| 
2023-01-04 16:50:48.4982| VacancyClicker.SetupMethods.<ActionLogging>b__5_0| TRACE| By.PartialLinkText: Откликнуться| 
2023-01-04 16:50:48.5124| VacancyClicker.SetupMethods.<ActionLogging>b__5_1| TRACE| By.PartialLinkText: Откликнуться_FOUND| 
2023-01-04 16:50:48.7940| VacancyClicker.SetupMethods.<ActionLogging>b__5_2| TRACE| Element (id = 86163a92-7c1f-4ee1-ae35-3ffacff16226)_Clicking| 
2023-01-04 16:50:48.9060| VacancyClicker.SetupMethods.<ActionLogging>b__5_3| TRACE| Element (id = 86163a92-7c1f-4ee1-ae35-3ffacff16226)_Clicked| 
2023-01-04 16:50:48.9060| VacancyClicker.SetupMethods.<ActionLogging>b__5_0| TRACE| By.PartialLinkText: Откликнуться| 
2023-01-04 16:50:48.9474| VacancyClicker.SetupMethods.<ActionLogging>b__5_1| TRACE| By.PartialLinkText: Откликнуться_FOUND| 
2023-01-04 16:50:51.9610| VacancyClicker.SetupMethods.<ActionLogging>b__5_0| TRACE| By.PartialLinkText: Откликнуться| 
2023-01-04 16:50:51.9755| VacancyClicker.SetupMethods.<ActionLogging>b__5_1| TRACE| By.PartialLinkText: Откликнуться_FOUND| 
2023-01-04 16:50:52.2452| VacancyClicker.SetupMethods.<ActionLogging>b__5_2| TRACE| Element (id = 86163a92-7c1f-4ee1-ae35-3ffacff16226)_Clicking| 
2023-01-04 16:50:52.3480| VacancyClicker.SetupMethods.<ActionLogging>b__5_3| TRACE| Element (id = 86163a92-7c1f-4ee1-ae35-3ffacff16226)_Clicked| 
2023-01-04 16:50:52.3480| VacancyClicker.SetupMethods.<ActionLogging>b__5_0| TRACE| By.PartialLinkText: Откликнуться| 
2023-01-04 16:50:52.3784| VacancyClicker.SetupMethods.<ActionLogging>b__5_1| TRACE| By.PartialLinkText: Откликнуться_FOUND| 
2023-01-04 16:50:55.3853| VacancyClicker.SetupMethods.<ActionLogging>b__5_0| TRACE| By.PartialLinkText: Откликнуться| 
2023-01-04 16:50:55.4004| VacancyClicker.SetupMethods.<ActionLogging>b__5_1| TRACE| By.PartialLinkText: Откликнуться_FOUND| 
2023-01-04 16:50:55.6860| VacancyClicker.SetupMethods.<ActionLogging>b__5_2| TRACE| Element (id = 86163a92-7c1f-4ee1-ae35-3ffacff16226)_Clicking| 
2023-01-04 16:50:56.7691| VacancyClicker.SetupMethods.<ActionLogging>b__5_4| ERROR| OpenQA.Selenium.ElementClickInterceptedException: element click intercepted: Element <a class="bloko-button bloko-button_kind-primary bloko-button_scale-small" data-qa="vacancy-serp__vacancy_response" href="/applicant/vacancy_response?vacancyId=73860033&amp;hhtmFrom=vacancy_search_list">...</a> is not clickable at point (644, 16). Other element would receive the click: <div class="bloko-modal-container bloko-modal-container_visible" data-qa="bloko-modal">...</div>
  (Session info: chrome=108.0.5359.125)
   at OpenQA.Selenium.WebDriver.UnpackAndThrowOnError(Response errorResponse, String commandToExecute)
   at OpenQA.Selenium.WebDriver.Execute(String driverCommandToExecute, Dictionary`2 parameters)
   at OpenQA.Selenium.WebDriver.InternalExecute(String driverCommandToExecute, Dictionary`2 parameters)
   at OpenQA.Selenium.WebElement.Execute(String commandToExecute, Dictionary`2 parameters)
   at OpenQA.Selenium.WebElement.Click()
   at OpenQA.Selenium.Support.Events.EventFiringWebDriver.EventFiringWebElement.Click()| element click intercepted: Element <a class="bloko-button bloko-button_kind-primary bloko-button_scale-small" data-qa="vacancy-serp__vacancy_response" href="/applicant/vacancy_response?vacancyId=73860033&amp;hhtmFrom=vacancy_search_list">...</a> is not clickable at point (644, 16). Other element would receive the click: <div class="bloko-modal-container bloko-modal-container_visible" data-qa="bloko-modal">...</div>
  (Session info: chrome=108.0.5359.125)
2023-01-04 16:51:06.7742| VacancyClicker.SetupMethods.<ActionLogging>b__5_0| TRACE| By.PartialLinkText: Откликнуться| 
2023-01-04 16:51:06.7908| VacancyClicker.SetupMethods.<ActionLogging>b__5_1| TRACE| By.PartialLinkText: Откликнуться_FOUND| 
2023-01-04 16:51:14.5849| VacancyClicker.SetupMethods.<ActionLogging>b__5_0| TRACE| By.PartialLinkText: Откликнуться| 
2023-01-04 16:51:14.6012| VacancyClicker.SetupMethods.<ActionLogging>b__5_1| TRACE| By.PartialLinkText: Откликнуться_FOUND| 
2023-01-04 16:51:18.0147| VacancyClicker.SetupMethods.<ActionLogging>b__5_2| TRACE| Element (id = 86163a92-7c1f-4ee1-ae35-3ffacff16226)_Clicking| 
2023-01-04 16:51:18.1358| VacancyClicker.SetupMethods.<ActionLogging>b__5_3| TRACE| Element (id = 86163a92-7c1f-4ee1-ae35-3ffacff16226)_Clicked| 
2023-01-04 16:51:33.5561| VacancyClicker.SetupMethods.<ActionLogging>b__5_0| TRACE| By.PartialLinkText: Откликнуться| 
2023-01-04 16:51:41.6168| VacancyClicker.SetupMethods.<ActionLogging>b__5_1| TRACE| By.PartialLinkText: Откликнуться_FOUND| 
2023-01-04 16:51:44.6235| VacancyClicker.SetupMethods.<ActionLogging>b__5_0| TRACE| By.PartialLinkText: Откликнуться| 
2023-01-04 16:51:44.6352| VacancyClicker.SetupMethods.<ActionLogging>b__5_1| TRACE| By.PartialLinkText: Откликнуться_FOUND| 
2023-01-04 16:51:44.9086| VacancyClicker.SetupMethods.<ActionLogging>b__5_2| TRACE| Element (id = 285788b5-0992-40d3-9f82-cbf3b59183aa)_Clicking| 
2023-01-04 16:51:45.0404| VacancyClicker.SetupMethods.<ActionLogging>b__5_3| TRACE| Element (id = 285788b5-0992-40d3-9f82-cbf3b59183aa)_Clicked| 
2023-01-04 16:51:45.0404| VacancyClicker.SetupMethods.<ActionLogging>b__5_0| TRACE| By.PartialLinkText: Откликнуться| 
2023-01-04 16:51:45.0558| VacancyClicker.SetupMethods.<ActionLogging>b__5_1| TRACE| By.PartialLinkText: Откликнуться_FOUND| 
2023-01-04 16:51:48.0565| VacancyClicker.SetupMethods.<ActionLogging>b__5_0| TRACE| By.PartialLinkText: Откликнуться| 
2023-01-04 16:52:31.2661| VacancyClicker.SetupMethods.<ActionLogging>b__5_4| ERROR| OpenQA.Selenium.NoSuchElementException: no such element: Unable to locate element: {"method":"partial link text","selector":"Откликнуться"}
  (Session info: chrome=108.0.5359.125)
   at OpenQA.Selenium.WebDriver.UnpackAndThrowOnError(Response errorResponse, String commandToExecute)
   at OpenQA.Selenium.WebDriver.Execute(String driverCommandToExecute, Dictionary`2 parameters)
   at OpenQA.Selenium.WebDriver.FindElement(String mechanism, String value)
   at OpenQA.Selenium.By.<.ctor>b__11_0(ISearchContext context)
   at OpenQA.Selenium.By.FindElement(ISearchContext context)
   at OpenQA.Selenium.WebDriver.FindElement(By by)
   at OpenQA.Selenium.Support.Events.EventFiringWebDriver.FindElement(By by)| no such element: Unable to locate element: {"method":"partial link text","selector":"Откликнуться"}
  (Session info: chrome=108.0.5359.125)
===========================END===========================

2023-01-04 16:53:22.3561| VacancyClicker.Tests`1.Setup| DEBUG| TestDashboard Lowding in - OpenQA.Selenium.Chrome.ChromeDriver| 
2023-01-04 16:54:03.1447| VacancyClicker.SetupMethods.GoToLocalUrl| INFO| Opened url =>https://hh.ru/applicant/resumeview/history?resumeHash=01be9d68ff07e8c2ef0039ed1f663764787741&hhtmFrom=resume_list| 
2023-01-04 16:54:03.1447| VacancyClicker.Tests`1.Setup| DEBUG| Exiting Setup in TestDashboard| 
2023-01-04 16:54:57.6797| VacancyClicker.SetupMethods.<ActionLogging>b__5_0| TRACE| By.PartialLinkText: Откликнуться| 
2023-01-04 16:54:57.7320| VacancyClicker.SetupMethods.<ActionLogging>b__5_1| TRACE| By.PartialLinkText: Откликнуться_FOUND| 
2023-01-04 16:54:57.7320| VacancyClicker.SetupMethods.<ActionLogging>b__5_0| TRACE| By.PartialLinkText: Откликнуться| 
2023-01-04 16:54:57.7433| VacancyClicker.SetupMethods.<ActionLogging>b__5_1| TRACE| By.PartialLinkText: Откликнуться_FOUND| 
2023-01-04 16:54:58.0075| VacancyClicker.SetupMethods.<ActionLogging>b__5_2| TRACE| Element (id = 6b5f4978-71ea-46af-a6bf-c15148a30d1b)_Clicking| 
2023-01-04 16:54:58.1162| VacancyClicker.SetupMethods.<ActionLogging>b__5_3| TRACE| Element (id = 6b5f4978-71ea-46af-a6bf-c15148a30d1b)_Clicked| 
2023-01-04 16:54:58.1167| VacancyClicker.SetupMethods.<ActionLogging>b__5_0| TRACE| By.PartialLinkText: Откликнуться| 
2023-01-04 16:54:58.1348| VacancyClicker.SetupMethods.<ActionLogging>b__5_1| TRACE| By.PartialLinkText: Откликнуться_FOUND| 
2023-01-04 16:55:01.1363| VacancyClicker.SetupMethods.<ActionLogging>b__5_0| TRACE| By.PartialLinkText: Откликнуться| 
2023-01-04 16:55:01.1541| VacancyClicker.SetupMethods.<ActionLogging>b__5_1| TRACE| By.PartialLinkText: Откликнуться_FOUND| 
2023-01-04 16:55:01.4395| VacancyClicker.SetupMethods.<ActionLogging>b__5_2| TRACE| Element (id = 595915c3-ca43-4b65-a731-efc65cd1ac34)_Clicking| 
2023-01-04 16:55:01.5582| VacancyClicker.SetupMethods.<ActionLogging>b__5_3| TRACE| Element (id = 595915c3-ca43-4b65-a731-efc65cd1ac34)_Clicked| 
2023-01-04 16:55:01.5582| VacancyClicker.SetupMethods.<ActionLogging>b__5_0| TRACE| By.PartialLinkText: Откликнуться| 
2023-01-04 16:55:01.5911| VacancyClicker.SetupMethods.<ActionLogging>b__5_1| TRACE| By.PartialLinkText: Откликнуться_FOUND| 
2023-01-04 16:55:04.6061| VacancyClicker.SetupMethods.<ActionLogging>b__5_0| TRACE| By.PartialLinkText: Откликнуться| 
2023-01-04 16:55:04.6188| VacancyClicker.SetupMethods.<ActionLogging>b__5_1| TRACE| By.PartialLinkText: Откликнуться_FOUND| 
2023-01-04 16:55:04.8883| VacancyClicker.SetupMethods.<ActionLogging>b__5_2| TRACE| Element (id = 595915c3-ca43-4b65-a731-efc65cd1ac34)_Clicking| 
2023-01-04 16:55:04.9727| VacancyClicker.SetupMethods.<ActionLogging>b__5_3| TRACE| Element (id = 595915c3-ca43-4b65-a731-efc65cd1ac34)_Clicked| 
2023-01-04 16:55:04.9727| VacancyClicker.SetupMethods.<ActionLogging>b__5_0| TRACE| By.PartialLinkText: Откликнуться| 
2023-01-04 16:55:04.9907| VacancyClicker.SetupMethods.<ActionLogging>b__5_1| TRACE| By.PartialLinkText: Откликнуться_FOUND| 
2023-01-04 16:55:07.9996| VacancyClicker.SetupMethods.<ActionLogging>b__5_0| TRACE| By.PartialLinkText: Откликнуться| 
2023-01-04 16:55:08.0165| VacancyClicker.SetupMethods.<ActionLogging>b__5_1| TRACE| By.PartialLinkText: Откликнуться_FOUND| 
2023-01-04 16:55:08.2814| VacancyClicker.SetupMethods.<ActionLogging>b__5_2| TRACE| Element (id = 595915c3-ca43-4b65-a731-efc65cd1ac34)_Clicking| 
2023-01-04 16:55:09.0379| VacancyClicker.SetupMethods.<ActionLogging>b__5_4| ERROR| OpenQA.Selenium.StaleElementReferenceException: stale element reference: element is not attached to the page document
  (Session info: chrome=108.0.5359.125)
   at OpenQA.Selenium.WebDriver.UnpackAndThrowOnError(Response errorResponse, String commandToExecute)
   at OpenQA.Selenium.WebDriver.Execute(String driverCommandToExecute, Dictionary`2 parameters)
   at OpenQA.Selenium.WebDriver.InternalExecute(String driverCommandToExecute, Dictionary`2 parameters)
   at OpenQA.Selenium.WebElement.Execute(String commandToExecute, Dictionary`2 parameters)
   at OpenQA.Selenium.WebElement.Click()
   at OpenQA.Selenium.Support.Events.EventFiringWebDriver.EventFiringWebElement.Click()| stale element reference: element is not attached to the page document
  (Session info: chrome=108.0.5359.125)
2023-01-04 16:55:14.0665| VacancyClicker.SetupMethods.<ActionLogging>b__5_0| TRACE| By.PartialLinkText: Откликнуться| 
2023-01-04 16:55:14.0831| VacancyClicker.SetupMethods.<ActionLogging>b__5_1| TRACE| By.PartialLinkText: Откликнуться_FOUND| 
2023-01-04 16:55:17.0879| VacancyClicker.SetupMethods.<ActionLogging>b__5_0| TRACE| By.PartialLinkText: Откликнуться| 
2023-01-04 16:55:17.1026| VacancyClicker.SetupMethods.<ActionLogging>b__5_1| TRACE| By.PartialLinkText: Откликнуться_FOUND| 
2023-01-04 16:55:17.3700| VacancyClicker.SetupMethods.<ActionLogging>b__5_2| TRACE| Element (id = 3c1eaa17-e11b-4754-88b6-0f4b0dad5883)_Clicking| 
2023-01-04 16:55:17.5080| VacancyClicker.SetupMethods.<ActionLogging>b__5_3| TRACE| Element (id = 3c1eaa17-e11b-4754-88b6-0f4b0dad5883)_Clicked| 
2023-01-04 16:55:17.5080| VacancyClicker.SetupMethods.<ActionLogging>b__5_0| TRACE| By.PartialLinkText: Откликнуться| 
2023-01-04 16:55:17.5264| VacancyClicker.SetupMethods.<ActionLogging>b__5_1| TRACE| By.PartialLinkText: Откликнуться_FOUND| 
2023-01-04 16:55:20.5270| VacancyClicker.SetupMethods.<ActionLogging>b__5_0| TRACE| By.PartialLinkText: Откликнуться| 
2023-01-04 16:56:07.7850| VacancyClicker.SetupMethods.<ActionLogging>b__5_4| ERROR| OpenQA.Selenium.NoSuchElementException: no such element: Unable to locate element: {"method":"partial link text","selector":"Откликнуться"}
  (Session info: chrome=108.0.5359.125)
   at OpenQA.Selenium.WebDriver.UnpackAndThrowOnError(Response errorResponse, String commandToExecute)
   at OpenQA.Selenium.WebDriver.Execute(String driverCommandToExecute, Dictionary`2 parameters)
   at OpenQA.Selenium.WebDriver.FindElement(String mechanism, String value)
   at OpenQA.Selenium.By.<.ctor>b__11_0(ISearchContext context)
   at OpenQA.Selenium.By.FindElement(ISearchContext context)
   at OpenQA.Selenium.WebDriver.FindElement(By by)
   at OpenQA.Selenium.Support.Events.EventFiringWebDriver.FindElement(By by)| no such element: Unable to locate element: {"method":"partial link text","selector":"Откликнуться"}
  (Session info: chrome=108.0.5359.125)
===========================END===========================

2023-01-04 16:56:52.1743| VacancyClicker.Tests`1.Setup| DEBUG| TestDashboard Lowding in - OpenQA.Selenium.Chrome.ChromeDriver| 
2023-01-04 16:57:33.5849| VacancyClicker.SetupMethods.GoToLocalUrl| INFO| Opened url =>https://hh.ru/applicant/resumeview/history?resumeHash=01be9d68ff07e8c2ef0039ed1f663764787741&hhtmFrom=resume_list| 
2023-01-04 16:57:33.5849| VacancyClicker.Tests`1.Setup| DEBUG| Exiting Setup in TestDashboard| 
2023-01-04 16:59:03.6257| VacancyClicker.SetupMethods.<ActionLogging>b__5_0| TRACE| By.PartialLinkText: Откликнуться| 
2023-01-04 16:59:10.3168| VacancyClicker.SetupMethods.<ActionLogging>b__5_1| TRACE| By.PartialLinkText: Откликнуться_FOUND| 
2023-01-04 16:59:10.3168| VacancyClicker.SetupMethods.<ActionLogging>b__5_0| TRACE| By.PartialLinkText: Откликнуться| 
2023-01-04 16:59:10.3304| VacancyClicker.SetupMethods.<ActionLogging>b__5_1| TRACE| By.PartialLinkText: Откликнуться_FOUND| 
2023-01-04 16:59:10.5910| VacancyClicker.SetupMethods.<ActionLogging>b__5_2| TRACE| Element (id = 1671051c-bcc6-4020-b48e-1c73645d4ffe)_Clicking| 
2023-01-04 16:59:10.7152| VacancyClicker.SetupMethods.<ActionLogging>b__5_3| TRACE| Element (id = 1671051c-bcc6-4020-b48e-1c73645d4ffe)_Clicked| 
2023-01-04 16:59:10.7152| VacancyClicker.SetupMethods.<ActionLogging>b__5_0| TRACE| By.PartialLinkText: Откликнуться| 
2023-01-04 16:59:10.7329| VacancyClicker.SetupMethods.<ActionLogging>b__5_1| TRACE| By.PartialLinkText: Откликнуться_FOUND| 
2023-01-04 16:59:13.7362| VacancyClicker.SetupMethods.<ActionLogging>b__5_0| TRACE| By.PartialLinkText: Откликнуться| 
2023-01-04 16:59:13.7920| VacancyClicker.SetupMethods.<ActionLogging>b__5_1| TRACE| By.PartialLinkText: Откликнуться_FOUND| 
2023-01-04 16:59:14.0888| VacancyClicker.SetupMethods.<ActionLogging>b__5_2| TRACE| Element (id = 8cd6adb1-0562-4146-898b-5ee51277ba1c)_Clicking| 
2023-01-04 16:59:14.2502| VacancyClicker.SetupMethods.<ActionLogging>b__5_3| TRACE| Element (id = 8cd6adb1-0562-4146-898b-5ee51277ba1c)_Clicked| 
2023-01-04 16:59:14.2502| VacancyClicker.SetupMethods.<ActionLogging>b__5_0| TRACE| By.PartialLinkText: Откликнуться| 
2023-01-04 16:59:14.2890| VacancyClicker.SetupMethods.<ActionLogging>b__5_1| TRACE| By.PartialLinkText: Откликнуться_FOUND| 
2023-01-04 16:59:17.2954| VacancyClicker.SetupMethods.<ActionLogging>b__5_0| TRACE| By.PartialLinkText: Откликнуться| 
2023-01-04 16:59:17.3095| VacancyClicker.SetupMethods.<ActionLogging>b__5_1| TRACE| By.PartialLinkText: Откликнуться_FOUND| 
2023-01-04 16:59:17.5793| VacancyClicker.SetupMethods.<ActionLogging>b__5_2| TRACE| Element (id = 65ec14a0-0b34-4653-aedf-cf074c1dcdef)_Clicking| 
2023-01-04 16:59:17.6761| VacancyClicker.SetupMethods.<ActionLogging>b__5_3| TRACE| Element (id = 65ec14a0-0b34-4653-aedf-cf074c1dcdef)_Clicked| 
2023-01-04 16:59:17.6761| VacancyClicker.SetupMethods.<ActionLogging>b__5_0| TRACE| By.PartialLinkText: Откликнуться| 
2023-01-04 16:59:17.7006| VacancyClicker.SetupMethods.<ActionLogging>b__5_1| TRACE| By.PartialLinkText: Откликнуться_FOUND| 
2023-01-04 16:59:20.7058| VacancyClicker.SetupMethods.<ActionLogging>b__5_0| TRACE| By.PartialLinkText: Откликнуться| 
2023-01-04 16:59:20.7362| VacancyClicker.SetupMethods.<ActionLogging>b__5_1| TRACE| By.PartialLinkText: Откликнуться_FOUND| 
2023-01-04 16:59:21.0193| VacancyClicker.SetupMethods.<ActionLogging>b__5_2| TRACE| Element (id = 561a9973-370a-4dd0-8e34-55756872e07d)_Clicking| 
2023-01-04 16:59:21.1174| VacancyClicker.SetupMethods.<ActionLogging>b__5_3| TRACE| Element (id = 561a9973-370a-4dd0-8e34-55756872e07d)_Clicked| 
2023-01-04 16:59:21.1174| VacancyClicker.SetupMethods.<ActionLogging>b__5_0| TRACE| By.PartialLinkText: Откликнуться| 
2023-01-04 16:59:21.1397| VacancyClicker.SetupMethods.<ActionLogging>b__5_1| TRACE| By.PartialLinkText: Откликнуться_FOUND| 
2023-01-04 16:59:24.1488| VacancyClicker.SetupMethods.<ActionLogging>b__5_0| TRACE| By.PartialLinkText: Откликнуться| 
2023-01-04 16:59:56.1246| VacancyClicker.SetupMethods.<ActionLogging>b__5_1| TRACE| By.PartialLinkText: Откликнуться_FOUND| 
2023-01-04 16:59:56.3861| VacancyClicker.SetupMethods.<ActionLogging>b__5_2| TRACE| Element (id = d9e70cee-7ce4-42cf-b889-f80c43b7f28a)_Clicking| 
2023-01-04 16:59:56.3999| VacancyClicker.SetupMethods.<ActionLogging>b__5_4| ERROR| OpenQA.Selenium.StaleElementReferenceException: stale element reference: element is not attached to the page document
  (Session info: chrome=108.0.5359.125)
   at OpenQA.Selenium.WebDriver.UnpackAndThrowOnError(Response errorResponse, String commandToExecute)
   at OpenQA.Selenium.WebDriver.Execute(String driverCommandToExecute, Dictionary`2 parameters)
   at OpenQA.Selenium.WebDriver.InternalExecute(String driverCommandToExecute, Dictionary`2 parameters)
   at OpenQA.Selenium.WebElement.Execute(String commandToExecute, Dictionary`2 parameters)
   at OpenQA.Selenium.WebElement.Click()
   at OpenQA.Selenium.Support.Events.EventFiringWebDriver.EventFiringWebElement.Click()| stale element reference: element is not attached to the page document
  (Session info: chrome=108.0.5359.125)
2023-01-04 17:00:03.7755| VacancyClicker.SetupMethods.<ActionLogging>b__5_0| TRACE| By.PartialLinkText: Откликнуться| 
2023-01-04 17:00:03.7942| VacancyClicker.SetupMethods.<ActionLogging>b__5_1| TRACE| By.PartialLinkText: Откликнуться_FOUND| 
2023-01-04 17:00:08.3669| VacancyClicker.SetupMethods.<ActionLogging>b__5_0| TRACE| By.PartialLinkText: Откликнуться| 
2023-01-04 17:00:08.3809| VacancyClicker.SetupMethods.<ActionLogging>b__5_1| TRACE| By.PartialLinkText: Откликнуться_FOUND| 
2023-01-04 17:00:08.6444| VacancyClicker.SetupMethods.<ActionLogging>b__5_2| TRACE| Element (id = 6a03528c-679d-4e97-a4fe-a4b508bd7a38)_Clicking| 
2023-01-04 17:00:08.7620| VacancyClicker.SetupMethods.<ActionLogging>b__5_3| TRACE| Element (id = 6a03528c-679d-4e97-a4fe-a4b508bd7a38)_Clicked| 
2023-01-04 17:00:08.7620| VacancyClicker.SetupMethods.<ActionLogging>b__5_0| TRACE| By.PartialLinkText: Откликнуться| 
2023-01-04 17:00:08.7802| VacancyClicker.SetupMethods.<ActionLogging>b__5_1| TRACE| By.PartialLinkText: Откликнуться_FOUND| 
2023-01-04 17:01:45.9131| VacancyClicker.SetupMethods.<ActionLogging>b__5_0| TRACE| By.PartialLinkText: Откликнуться| 
2023-01-04 17:01:50.0329| VacancyClicker.SetupMethods.<ActionLogging>b__5_1| TRACE| By.PartialLinkText: Откликнуться_FOUND| 
2023-01-04 17:01:50.2993| VacancyClicker.SetupMethods.<ActionLogging>b__5_2| TRACE| Element (id = 1469fdc5-e14a-4c72-9520-546bda653532)_Clicking| 
2023-01-04 17:01:50.4185| VacancyClicker.SetupMethods.<ActionLogging>b__5_3| TRACE| Element (id = 1469fdc5-e14a-4c72-9520-546bda653532)_Clicked| 
2023-01-04 17:01:50.4185| VacancyClicker.SetupMethods.<ActionLogging>b__5_0| TRACE| By.PartialLinkText: Откликнуться| 
2023-01-04 17:01:50.4403| VacancyClicker.SetupMethods.<ActionLogging>b__5_1| TRACE| By.PartialLinkText: Откликнуться_FOUND| 
2023-01-04 17:01:59.4845| VacancyClicker.SetupMethods.<ActionLogging>b__5_0| TRACE| By.PartialLinkText: Откликнуться| 
2023-01-04 17:01:59.5024| VacancyClicker.SetupMethods.<ActionLogging>b__5_1| TRACE| By.PartialLinkText: Откликнуться_FOUND| 
2023-01-04 17:02:02.1014| VacancyClicker.SetupMethods.<ActionLogging>b__5_2| TRACE| Element (id = c78069c9-6af7-44e2-aa4c-bc2994b96878)_Clicking| 
2023-01-04 17:02:02.2175| VacancyClicker.SetupMethods.<ActionLogging>b__5_3| TRACE| Element (id = c78069c9-6af7-44e2-aa4c-bc2994b96878)_Clicked| 
2023-01-04 17:02:02.2175| VacancyClicker.SetupMethods.<ActionLogging>b__5_0| TRACE| By.PartialLinkText: Откликнуться| 
2023-01-04 17:02:02.2380| VacancyClicker.SetupMethods.<ActionLogging>b__5_1| TRACE| By.PartialLinkText: Откликнуться_FOUND| 
2023-01-04 17:02:05.2399| VacancyClicker.SetupMethods.<ActionLogging>b__5_0| TRACE| By.PartialLinkText: Откликнуться| 
2023-01-04 17:02:05.2592| VacancyClicker.SetupMethods.<ActionLogging>b__5_1| TRACE| By.PartialLinkText: Откликнуться_FOUND| 
2023-01-04 17:02:05.5367| VacancyClicker.SetupMethods.<ActionLogging>b__5_2| TRACE| Element (id = dae52055-6539-4a26-a26a-a1b2c66c5470)_Clicking| 
2023-01-04 17:02:05.6399| VacancyClicker.SetupMethods.<ActionLogging>b__5_3| TRACE| Element (id = dae52055-6539-4a26-a26a-a1b2c66c5470)_Clicked| 
2023-01-04 17:02:05.6399| VacancyClicker.SetupMethods.<ActionLogging>b__5_0| TRACE| By.PartialLinkText: Откликнуться| 
2023-01-04 17:02:05.6622| VacancyClicker.SetupMethods.<ActionLogging>b__5_1| TRACE| By.PartialLinkText: Откликнуться_FOUND| 
2023-01-04 17:02:08.6679| VacancyClicker.SetupMethods.<ActionLogging>b__5_0| TRACE| By.PartialLinkText: Откликнуться| 
2023-01-04 17:02:08.6893| VacancyClicker.SetupMethods.<ActionLogging>b__5_1| TRACE| By.PartialLinkText: Откликнуться_FOUND| 
2023-01-04 17:02:08.9549| VacancyClicker.SetupMethods.<ActionLogging>b__5_2| TRACE| Element (id = 5da36c7e-d2a1-4caf-906f-868dfcd1527c)_Clicking| 
2023-01-04 17:02:09.0612| VacancyClicker.SetupMethods.<ActionLogging>b__5_3| TRACE| Element (id = 5da36c7e-d2a1-4caf-906f-868dfcd1527c)_Clicked| 
2023-01-04 17:02:09.0612| VacancyClicker.SetupMethods.<ActionLogging>b__5_0| TRACE| By.PartialLinkText: Откликнуться| 
2023-01-04 17:02:09.0864| VacancyClicker.SetupMethods.<ActionLogging>b__5_1| TRACE| By.PartialLinkText: Откликнуться_FOUND| 
2023-01-04 17:02:12.0909| VacancyClicker.SetupMethods.<ActionLogging>b__5_0| TRACE| By.PartialLinkText: Откликнуться| 
2023-01-04 17:02:12.1107| VacancyClicker.SetupMethods.<ActionLogging>b__5_1| TRACE| By.PartialLinkText: Откликнуться_FOUND| 
2023-01-04 17:02:12.3864| VacancyClicker.SetupMethods.<ActionLogging>b__5_2| TRACE| Element (id = 62972f50-6f05-46ee-97bf-5ccf5a211480)_Clicking| 
2023-01-04 17:02:12.4950| VacancyClicker.SetupMethods.<ActionLogging>b__5_3| TRACE| Element (id = 62972f50-6f05-46ee-97bf-5ccf5a211480)_Clicked| 
2023-01-04 17:02:12.4950| VacancyClicker.SetupMethods.<ActionLogging>b__5_0| TRACE| By.PartialLinkText: Откликнуться| 
2023-01-04 17:02:12.5254| VacancyClicker.SetupMethods.<ActionLogging>b__5_1| TRACE| By.PartialLinkText: Откликнуться_FOUND| 
2023-01-04 17:02:15.5295| VacancyClicker.SetupMethods.<ActionLogging>b__5_0| TRACE| By.PartialLinkText: Откликнуться| 
2023-01-04 17:02:25.1443| VacancyClicker.SetupMethods.<ActionLogging>b__5_1| TRACE| By.PartialLinkText: Откликнуться_FOUND| 
